<?xml version="1.0" encoding="UTF-8"?>
<testsuite xmlns:xsi="http://www.w3.org/2001/XMLSchema-instance" xsi:noNamespaceSchemaLocation="https://maven.apache.org/surefire/maven-surefire-plugin/xsd/surefire-test-report-3.0.xsd" version="3.0" name="TestCase.AddMemberTest" time="10.391" tests="1" errors="0" skipped="0" failures="0">
  <properties>
[...]
</properties>
  <testcase name="verifyAdNewMember" classname="TestCase.AddMemberTest" time="10.366">
    <system-out><![CDATA[http://localhost:8080]]></system-out>
    <system-err><![CDATA[SLF4J: No SLF4J providers were found.
SLF4J: Defaulting to no-operation (NOP) logger implementation
SLF4J: See https://www.slf4j.org/codes.html#noProviders for further details.
1675142356356	geckodriver	INFO	Listening on 127.0.0.1:42337
1675142356572	mozrunner::runner	INFO	Running command: "/Applications/Firefox.app/Contents/MacOS/firefox-bin" "--marionette" "--remote-debugging-port" "11366" "--remote-allow-hosts" "localhost" "--remote-allow-origins" "http://127.0.0.1:11366/,http://localhost:11366/,http://[::1]:11366/" "-foreground" "-no-remote" "-profile" "/var/folders/fx/kgm9kb4x1g35g579hfclcmb40000gp/T/rust_mozprofileQmsiEJ"
1675142357083	Marionette	INFO	Marionette enabled
2023-01-31 12:19:17.873 firefox-bin[19979:1221369] Warning: Expected min height of view: (<NSButton: 0x12b293c00>) to be less than or equal to 30 but got a height of 32.000000. This error will be logged once per view in violation.
2023-01-31 12:19:17.873 firefox-bin[19979:1221369] Warning: Expected min height of view: (<NSButton: 0x136bc0000>) to be less than or equal to 30 but got a height of 32.000000. This error will be logged once per view in violation.
2023-01-31 12:19:17.874 firefox-bin[19979:1221369] Warning: Expected min height of view: (<NSButton: 0x136bc0400>) to be less than or equal to 30 but got a height of 32.000000. This error will be logged once per view in violation.
2023-01-31 12:19:17.875 firefox-bin[19979:1221369] Warning: Expected min height of view: (<NSButton: 0x136bc0800>) to be less than or equal to 30 but got a height of 32.000000. This error will be logged once per view in violation.
2023-01-31 12:19:17.875 firefox-bin[19979:1221369] Warning: Expected min height of view: (<NSButton: 0x136f11800>) to be less than or equal to 30 but got a height of 32.000000. This error will be logged once per view in violation.
2023-01-31 12:19:17.876 firefox-bin[19979:1221369] Warning: Expected min height of view: (<NSPopoverTouchBarItemButton: 0x136f10000>) to be less than or equal to 30 but got a height of 32.000000. This error will be logged once per view in violation.
2023-01-31 12:19:17.876 firefox-bin[19979:1221369] Warning: Expected min height of view: (<NSPopoverTouchBarItemButton: 0x136f18c00>) to be less than or equal to 30 but got a height of 32.000000. This error will be logged once per view in violation.
console.warn: SearchSettings: "get: No settings file exists, new profile?" (new NotFoundError("Could not open the file at /var/folders/fx/kgm9kb4x1g35g579hfclcmb40000gp/T/rust_mozprofileQmsiEJ/search.json.mozlz4", (void 0)))
console.error: BackgroundUpdate: 
  _reasonsToNotScheduleUpdates: Failed to check for Maintenance Service Registry Key: [Exception... "Component returned failure code: 0x80004001 (NS_ERROR_NOT_IMPLEMENTED) [nsIUpdateProcessor.getServiceRegKeyExists]"  nsresult: "0x80004001 (NS_ERROR_NOT_IMPLEMENTED)"  location: "JS frame :: resource://gre/modules/BackgroundUpdate.jsm :: _reasonsToNotScheduleUpdates :: line 243"  data: no]
DevTools listening on ws://localhost:11366/devtools/browser/0d23518c-6137-0347-850e-cd3e392d0769
1675142359006	Marionette	INFO	Listening on port 58000
1675142359052	RemoteAgent	WARN	TLS certificate errors will be ignored for this session
1675142360007	Marionette	INFO	Stopped listening on port 58000
JavaScript error: resource:///modules/Interactions.jsm, line 201: NS_ERROR_FAILURE: Component returned failure code: 0x80004005 (NS_ERROR_FAILURE) [nsIUserIdleService.removeIdleObserver]

###!!! [Parent][RunMessage] Error: Channel closing: too late to send/recv, messages will be lost

]]></system-err>
  </testcase>
</testsuite>